<?xml version="1.0" encoding="utf-8"?><testsuites name="pytest tests"><testsuite name="pytest" errors="0" failures="0" skipped="0" tests="23" time="8.460" timestamp="2026-07-15T13:27:14.155718+00:00" hostname="agent-env-73f4680b-f2bd-4690-b508-febd9b627ebb"><testcase classname="tests.test_iter5_actions.TestUserActions" name="test_freeze_then_unfreeze" time="1.107" /><testcase classname="tests.test_iter5_actions.TestWalletEndpoints" name="test_module_200[transactions]" time="0.849" /><testcase classname="tests.test_iter5_actions.TestWalletEndpoints" name="test_module_200[payments]" time="0.392" /><testcase classname="tests.test_iter5_actions.TestUserActions" name="test_ban_then_unban" time="0.816" /><testcase classname="tests.test_iter5_actions.TestWalletEndpoints" name="test_module_200[conversions]" time="0.382" /><testcase classname="tests.test_iter5_actions.TestWalletEndpoints" name="test_module_200[withdrawals]" time="0.346" /><testcase classname="tests.test_iter5_actions.TestUserActions" name="test_force_logout" time="0.364" /><testcase classname="tests.test_iter5_actions.TestAuth" name="test_auth_me_valid" time="0.317" /><testcase classname="tests.test_iter5_actions.TestUserActions" name="test_request_verification" time="0.255" /><testcase classname="tests.test_iter5_actions.TestAuth" name="test_auth_me_missing" time="0.078" /><testcase classname="tests.test_iter5_actions.TestAuth" name="test_auth_me_garbage" time="0.176" /><testcase classname="tests.test_iter5_actions.TestVerificationModule" name="test_module_list_returns_200[liveness]" time="0.103" /><testcase classname="tests.test_iter5_actions.TestUserActions" name="test_reset_liveness" time="0.353" /><testcase classname="tests.test_iter5_actions.TestVerificationModule" name="test_module_list_returns_200[identity]" time="0.287" /><testcase classname="tests.test_iter5_actions.TestUserActions" name="test_cancel_subscription" time="0.269" /><testcase classname="tests.test_iter5_actions.TestVerificationModule" name="test_module_list_returns_200[verification]" time="0.265" /><testcase classname="tests.test_iter5_actions.TestWithdrawalApprovePath" name="test_approve_processing_paid" time="2.401" /><testcase classname="tests.test_iter5_actions.TestReportsModule" name="test_reports_list_200" time="0.130" /><testcase classname="tests.test_iter5_actions.TestReportsModule" name="test_reports_action_on_bogus_id_404" time="0.345" /><testcase classname="tests.test_iter5_actions.TestSubscriptions" name="test_subscriptions_list" time="0.303" /><testcase classname="tests.test_iter5_actions.TestAuditLogs" name="test_audit_logs_contain_recent_actions" time="0.457" /><testcase classname="tests.test_iter5_actions.TestWithdrawalApprovePath" name="test_illegal_transition_from_paid" time="0.479" /><testcase classname="tests.test_iter5_actions.TestWithdrawalReject" name="test_reject_refunds_locked_diamonds" time="1.692" /></testsuite></testsuites>