<?xml version="1.0" encoding="utf-8"?><testsuites name="pytest tests"><testsuite name="pytest" errors="0" failures="2" skipped="0" tests="17" time="93.160" timestamp="2026-08-23T03:47:13.462931+00:00" hostname="agent-env-73f4680b-f2bd-4690-b508-febd9b627ebb"><testcase classname="tests.test_iter10_groupplay_ai.TestRosterData" name="test_seventy_characters_with_filter_fields" time="0.618" /><testcase classname="tests.test_iter10_groupplay_ai.TestRosterData" name="test_filterable_values_exist" time="0.000" /><testcase classname="tests.test_iter10_groupplay_ai.TestPlayerApiAIOpponent" name="test_session_created_with_ai_participant" time="5.293" /><testcase classname="tests.test_iter10_groupplay_ai.TestPlayerApiAIOpponent" name="test_no_hidden_answer_leak_before_reveal" time="0.000" /><testcase classname="tests.test_iter10_groupplay_ai.TestPlayerApiAIOpponent" name="test_ai_answers_and_round_reveals" time="0.237" /><testcase classname="tests.test_iter10_groupplay_ai.TestPlayerApiAIOpponent" name="test_play_trivia_to_completion" time="10.854" /><testcase classname="tests.test_iter10_groupplay_ai.TestPlayerApiAIOpponent" name="test_invalid_ai_character_id_rejected" time="0.329"><failure message="AssertionError: unknown aiCharacterId accepted (status 200) — session created with a phantom AI&#10;assert 200 in (400, 403, 404)&#10; +  where 200 = &lt;Response [200]&gt;.status_code">E   AssertionError: unknown aiCharacterId accepted (status 200) — session created with a phantom AI
    assert 200 in (400, 403, 404)
     +  where 200 = &lt;Response [200]&gt;.status_code</failure></testcase><testcase classname="tests.test_iter10_groupplay_ai" name="test_preview_with_ai_opponent_completes[would_you_rather]" time="9.589" /><testcase classname="tests.test_iter10_groupplay_ai" name="test_preview_with_ai_opponent_completes[general_trivia]" time="8.971" /><testcase classname="tests.test_iter10_groupplay_ai" name="test_preview_with_ai_opponent_completes[guess_my_answer]" time="8.362" /><testcase classname="tests.test_iter10_groupplay_ai" name="test_preview_with_ai_opponent_completes[conversation_cards]" time="16.626" /><testcase classname="tests.test_iter10_groupplay_ai" name="test_preview_with_ai_opponent_completes[build_a_story]" time="12.427" /><testcase classname="tests.test_iter10_groupplay_ai" name="test_preview_with_ai_opponent_completes[two_truths_and_a_lie]" time="10.939" /><testcase classname="tests.test_iter10_groupplay_ai" name="test_preview_two_human_regression" time="2.222" /><testcase classname="tests.test_iter10_groupplay_ai" name="test_preview_writes_no_analytics" time="6.039" /><testcase classname="tests.test_iter10_groupplay_ai" name="test_preview_unknown_ai_id" time="0.245"><failure message="AssertionError: unknown aiCharacterId accepted in preview (200)&#10;assert 200 in (400, 404)&#10; +  where 200 = &lt;Response [200]&gt;.status_code">E   AssertionError: unknown aiCharacterId accepted in preview (200)
    assert 200 in (400, 404)
     +  where 200 = &lt;Response [200]&gt;.status_code</failure></testcase><testcase classname="tests.test_iter10_groupplay_ai" name="test_phantom_ai_preview_stalls" time="0.346" /></testsuite></testsuites>