<?xml version="1.0" encoding="utf-8"?><testsuites name="pytest tests"><testsuite name="pytest" errors="0" failures="1" skipped="0" tests="38" time="34.814" timestamp="2026-08-23T01:26:15.161030+00:00" hostname="agent-env-73f4680b-f2bd-4690-b508-febd9b627ebb"><testcase classname="tests.test_iter8_games_ai.TestAuth" name="test_me" time="0.484" /><testcase classname="tests.test_iter8_games_ai.TestAuth" name="test_games_requires_auth" time="0.065" /><testcase classname="tests.test_iter8_games_ai.TestGamesRegistry" name="test_50_games" time="0.226" /><testcase classname="tests.test_iter8_games_ai.TestGamesRegistry" name="test_overview" time="0.114" /><testcase classname="tests.test_iter8_games_ai.TestGamesRegistry" name="test_search_and_status_filters" time="0.335" /><testcase classname="tests.test_iter8_games_ai.TestGamesRegistry" name="test_get_single_and_404" time="0.149" /><testcase classname="tests.test_iter8_games_ai.TestGamesRegistry" name="test_game_stats" time="0.081" /><testcase classname="tests.test_iter8_games_ai.TestGamesRegistry" name="test_content_seeded" time="0.269" /><testcase classname="tests.test_iter8_games_ai.TestGamesRegistry" name="test_content_filter_by_game" time="0.195" /><testcase classname="tests.test_iter8_games_ai.TestGameMutations" name="test_toggle_enabled_persists" time="0.555" /><testcase classname="tests.test_iter8_games_ai.TestGameMutations" name="test_feature_toggle_persists" time="0.561" /><testcase classname="tests.test_iter8_games_ai.TestGameMutations" name="test_update_404" time="0.077" /><testcase classname="tests.test_iter8_games_ai.TestGameMutations" name="test_duplicate_then_archive_then_hard_delete" time="1.157" /><testcase classname="tests.test_iter8_games_ai" name="test_preview_flow_all_mechanics[choice]" time="1.404" /><testcase classname="tests.test_iter8_games_ai" name="test_preview_flow_all_mechanics[trivia]" time="1.516" /><testcase classname="tests.test_iter8_games_ai" name="test_preview_flow_all_mechanics[prompt]" time="1.381" /><testcase classname="tests.test_iter8_games_ai" name="test_preview_flow_all_mechanics[guess]" time="1.152" /><testcase classname="tests.test_iter8_games_ai" name="test_preview_flow_all_mechanics[coop]" time="1.069" /><testcase classname="tests.test_iter8_games_ai" name="test_preview_404_and_invalid_player" time="0.466" /><testcase classname="tests.test_iter8_games_ai.TestPlayAuthoritative" name="test_catalog" time="0.821" /><testcase classname="tests.test_iter8_games_ai.TestPlayAuthoritative" name="test_tier_entitlement_blocks_untiered_user" time="0.070" /><testcase classname="tests.test_iter8_games_ai.TestPlayAuthoritative" name="test_full_session_lifecycle" time="6.250" /><testcase classname="tests.test_iter8_games_ai.TestPlayAuthoritative" name="test_advance_without_body" time="0.990"><failure message="AssertionError: bodyless /advance returned 422: {&quot;detail&quot;:[{&quot;type&quot;:&quot;missing&quot;,&quot;loc&quot;:[&quot;body&quot;],&quot;msg&quot;:&quot;Field required&quot;,&quot;input&quot;:null,&quot;url&quot;:&quot;https://errors.pydantic.dev/2.13/v/missing&quot;}]}&#10;assert 422 == 200&#10; +  where 422 = &lt;Response [422]&gt;.status_code">E   AssertionError: bodyless /advance returned 422: {"detail":[{"type":"missing","loc":["body"],"msg":"Field required","input":null,"url":"https://errors.pydantic.dev/2.13/v/missing"}]}
    assert 422 == 200
     +  where 422 = &lt;Response [422]&gt;.status_code</failure></testcase><testcase classname="tests.test_iter8_games_ai.TestPlayAuthoritative" name="test_unknown_session" time="0.165" /><testcase classname="tests.test_iter8_games_ai.TestPlayAuthoritative" name="test_create_session_unknown_game" time="0.075" /><testcase classname="tests.test_iter8_games_ai.TestPlayAuthoritative" name="test_out_of_turn_rejected_coop" time="0.647" /><testcase classname="tests.test_iter8_games_ai.TestPlayAuthoritative" name="test_abandon_and_rematch" time="1.159" /><testcase classname="tests.test_iter8_games_ai.TestAICharacters" name="test_list_reference" time="0.078" /><testcase classname="tests.test_iter8_games_ai.TestAICharacters" name="test_get_character_and_404" time="0.141" /><testcase classname="tests.test_iter8_games_ai.TestAICharacters" name="test_metrics_endpoint" time="0.078" /><testcase classname="tests.test_iter8_games_ai.TestAICharacters" name="test_character_crud_and_version" time="0.923" /><testcase classname="tests.test_iter8_games_ai.TestAICharacters" name="test_create_invalid_character_rejected" time="0.061" /><testcase classname="tests.test_iter8_games_ai.TestAILab" name="test_multi_turn_conversation" time="7.504" /><testcase classname="tests.test_iter8_games_ai.TestAILab" name="test_lab_language_override" time="2.103" /><testcase classname="tests.test_iter8_games_ai.TestAILab" name="test_lab_reset_and_errors" time="0.265" /><testcase classname="tests.test_iter8_games_ai.TestAIPersistenceLayer" name="test_no_api_writes_memory_or_relationship" time="1.674" /><testcase classname="tests.test_iter8_games_ai.TestAIPersistenceLayer" name="test_firestore_repo_roundtrip" time="0.413" /><testcase classname="tests.test_iter8_games_ai" name="test_zzz_report_created_docs" time="0.001" /></testsuite></testsuites>