<?xml version="1.0" encoding="utf-8"?><testsuites name="pytest tests"><testsuite name="pytest" errors="0" failures="2" skipped="0" tests="27" time="23.512" timestamp="2026-08-23T02:02:57.632576+00:00" hostname="agent-env-73f4680b-f2bd-4690-b508-febd9b627ebb"><testcase classname="tests.test_iter9_fixes.TestAIProductionChat" name="test_chat_persists_and_recalls" time="8.989" /><testcase classname="tests.test_iter9_fixes" name="test_advance_without_body" time="5.573" /><testcase classname="tests.test_iter9_fixes" name="test_preview_flow_all_mechanics[choice]" time="1.913" /><testcase classname="tests.test_iter9_fixes" name="test_preview_flow_all_mechanics[trivia]" time="1.761" /><testcase classname="tests.test_iter9_fixes.TestAIProductionChat" name="test_history_endpoint" time="0.157" /><testcase classname="tests.test_iter9_fixes.TestAIProductionChat" name="test_firestore_docs_written" time="0.139" /><testcase classname="tests.test_iter9_fixes" name="test_preview_flow_all_mechanics[prompt]" time="1.642" /><testcase classname="tests.test_iter9_fixes.TestAIProductionChat" name="test_conversation_parent_doc_has_metadata" time="0.017"><failure message="AssertionError: parent conversation doc not materialised (phantom document)&#10;assert False&#10; +  where False = &lt;google.cloud.firestore_v1.base_document.DocumentSnapshot object at 0xf9cd6e1ae210&gt;.exists">tests/test_iter9_fixes.py:382: in test_conversation_parent_doc_has_metadata
    assert snap.exists, "parent conversation doc not materialised (phantom document)"
E   AssertionError: parent conversation doc not materialised (phantom document)
E   assert False
E    +  where False = &lt;google.cloud.firestore_v1.base_document.DocumentSnapshot object at 0xf9cd6e1ae210&gt;.exists</failure></testcase><testcase classname="tests.test_iter9_fixes.TestAIProductionChat" name="test_fresh_call_restores_context" time="2.085" /><testcase classname="tests.test_iter9_fixes" name="test_preview_flow_all_mechanics[guess]" time="2.189" /><testcase classname="tests.test_iter9_fixes.TestAIProductionChat" name="test_chat_validation" time="0.102"><failure message="AssertionError: unknown character not rejected: 502&#10;assert 502 == 400&#10; +  where 502 = &lt;Response [502]&gt;.status_code">tests/test_iter9_fixes.py:402: in test_chat_validation
    assert r.status_code == 400, f"unknown character not rejected: {r.status_code}"
E   AssertionError: unknown character not rejected: 502
E   assert 502 == 400
E    +  where 502 = &lt;Response [502]&gt;.status_code</failure></testcase><testcase classname="tests.test_iter9_fixes.TestAIProductionChat" name="test_chat_requires_auth" time="0.067" /><testcase classname="tests.test_iter9_fixes.TestTierDefault" name="test_catalog_unlocked_for_untiered_user" time="0.099" /><testcase classname="tests.test_iter9_fixes.TestTierDefault" name="test_create_session_succeeds_for_untiered_user" time="0.680" /><testcase classname="tests.test_iter9_fixes.TestTierDefault" name="test_admin_untiered_also_allowed" time="0.370" /><testcase classname="tests.test_iter9_fixes.TestTierDefault" name="test_love_only_game_still_locked" time="0.120" /><testcase classname="tests.test_iter9_fixes" name="test_preview_flow_all_mechanics[coop]" time="1.512" /><testcase classname="tests.test_iter9_fixes.TestPlayRegression" name="test_idempotency_revision_and_completion" time="6.013" /><testcase classname="tests.test_iter9_fixes" name="test_zzz_report_created_docs" time="0.000" /><testcase classname="tests.test_iter9_fixes.TestCharacterDelete" name="test_delete_stored_character" time="0.596" /><testcase classname="tests.test_iter9_fixes.TestCharacterDelete" name="test_delete_reference_rejected" time="0.282" /><testcase classname="tests.test_iter9_fixes.TestCharacterDelete" name="test_delete_unknown_404" time="0.064" /><testcase classname="tests.test_iter9_fixes.TestAILabRegression" name="test_lab_multi_turn" time="3.634" /><testcase classname="tests.test_iter9_fixes.TestPlayRegression" name="test_out_of_turn_rejected_coop" time="0.616" /><testcase classname="tests.test_iter9_fixes.TestAILabRegression" name="test_lab_does_not_write_prod_conversations" time="1.890" /><testcase classname="tests.test_iter9_fixes.TestPlayRegression" name="test_abandon_and_rematch" time="1.032" /><testcase classname="tests.test_iter9_fixes.TestAILabRegression" name="test_lab_language_override" time="1.620" /></testsuite></testsuites>