<?xml version="1.0" encoding="utf-8"?><testsuites name="pytest tests"><testsuite name="pytest" errors="0" failures="1" skipped="0" tests="15" time="39.030" timestamp="2026-08-23T04:28:01.322739+00:00" hostname="agent-env-73f4680b-f2bd-4690-b508-febd9b627ebb"><testcase classname="tests.test_iter11_playchat_multiai.TestPersistentChat" name="test_chat_two_messages_and_history_restore" time="5.362"><failure message="AssertionError: empty reply: {'ok': True, 'responseText': 'Hey QA tester d1b70! Teal is such a cool pick—very classy 😄✨', 'characterId': 'ref_ananya', 'detectedLanguage': 'English', 'responseLanguage': 'English', 'conversationMode': 'greeting', 'relationshipState': 'new', 'memoryIdsUsed': [], 'characterFactIdsUsed': ['hometown', 'sibling_detail', 'pet'], 'plan': None, 'quality': {'consistencyPassed': True, 'repetitionPassed': True, 'safetyPassed': True, 'lengthOk': True, 'fillerCount': 0}, 'usage': {'provider': 'openai', 'model': 'gpt-5.6-sol', 'latencyMs': 3605, 'attempts': 1}}&#10;assert ''&#10; +  where '' = &lt;built-in method strip of str object at 0xfdce462c0c08&gt;()&#10; +    where &lt;built-in method strip of str object at 0xfdce462c0c08&gt; = (None or '').strip&#10; +      where None = &lt;built-in method get of dict object at 0xfdce3e6f1f80&gt;('reply')&#10; +        where &lt;built-in method get of dict object at 0xfdce3e6f1f80&gt; = {'ok': True, 'responseText': 'Hey QA tester d1b70! Teal is such a cool pick—very classy 😄✨', 'characterId': 'ref_ananya', 'detectedLanguage': 'English', ...}.get">tests/test_iter11_playchat_multiai.py:76: in test_chat_two_messages_and_history_restore
    assert (d1.get("reply") or "").strip(), f"empty reply: {d1}"
E   AssertionError: empty reply: {'ok': True, 'responseText': 'Hey QA tester d1b70! Teal is such a cool pick—very classy 😄✨', 'characterId': 'ref_ananya', 'detectedLanguage': 'English', 'responseLanguage': 'English', 'conversationMode': 'greeting', 'relationshipState': 'new', 'memoryIdsUsed': [], 'characterFactIdsUsed': ['hometown', 'sibling_detail', 'pet'], 'plan': None, 'quality': {'consistencyPassed': True, 'repetitionPassed': True, 'safetyPassed': True, 'lengthOk': True, 'fillerCount': 0}, 'usage': {'provider': 'openai', 'model': 'gpt-5.6-sol', 'latencyMs': 3605, 'attempts': 1}}
E   assert ''
E    +  where '' = &lt;built-in method strip of str object at 0xfdce462c0c08&gt;()
E    +    where &lt;built-in method strip of str object at 0xfdce462c0c08&gt; = (None or '').strip
E    +      where None = &lt;built-in method get of dict object at 0xfdce3e6f1f80&gt;('reply')
E    +        where &lt;built-in method get of dict object at 0xfdce3e6f1f80&gt; = {'ok': True, 'responseText': 'Hey QA tester d1b70! Teal is such a cool pick—very classy 😄✨', 'characterId': 'ref_ananya', 'detectedLanguage': 'English', ...}.get</failure></testcase><testcase classname="tests.test_iter11_playchat_multiai.TestPersistentChat" name="test_chat_unknown_character_rejected" time="0.462" /><testcase classname="tests.test_iter11_playchat_multiai.TestMultiAIRooms" name="test_three_player_session_created" time="5.611" /><testcase classname="tests.test_iter11_playchat_multiai.TestMultiAIRooms" name="test_both_ais_answer_and_round_reveals" time="0.673" /><testcase classname="tests.test_iter11_playchat_multiai.TestPersistentChat" name="test_chat_empty_message_rejected" time="0.095" /><testcase classname="tests.test_iter11_playchat_multiai.TestPreviewBudget" name="test_consume_preview_ai_enforces_cap" time="0.783" /><testcase classname="tests.test_iter11_playchat_multiai.TestMultiAIRooms" name="test_three_player_game_completes_with_three_scores" time="20.411" /><testcase classname="tests.test_iter11_playchat_multiai.TestPreviewBudget" name="test_multi_ai_preview_starts_and_exposes_budget_field" time="3.176" /><testcase classname="tests.test_iter11_playchat_multiai.TestPreviewBudget" name="test_single_ai_preview_regression" time="1.364" /><testcase classname="tests.test_iter11_playchat_multiai.TestRegistryIntegrity" name="test_fifty_games_max_players_six" time="0.107" /><testcase classname="tests.test_iter11_playchat_multiai.TestRegistryIntegrity" name="test_seventy_characters" time="0.286" /><testcase classname="tests.test_iter11_playchat_multiai.TestMultiAIRooms" name="test_seven_players_rejected" time="0.317" /><testcase classname="tests.test_iter11_playchat_multiai.TestMultiAIRooms" name="test_five_ai_six_player_session_allowed" time="7.221" /><testcase classname="tests.test_iter11_playchat_multiai.TestMultiAIRooms" name="test_unknown_ai_id_rejected" time="0.100" /><testcase classname="tests.test_iter11_playchat_multiai.TestMultiAIRooms" name="test_duplicate_ai_ids" time="4.192" /></testsuite></testsuites>