<?xml version="1.0" encoding="utf-8"?><testsuites name="pytest tests"><testsuite name="pytest" errors="0" failures="0" skipped="0" tests="15" time="4.785" timestamp="2026-07-26T01:35:53.497476+00:00" hostname="agent-env-73f4680b-f2bd-4690-b508-febd9b627ebb"><testcase classname="tests.test_iter7_hr_notif.TestAuth" name="test_me" time="0.304" /><testcase classname="tests.test_iter7_hr_notif.TestEmployees" name="test_list" time="0.180" /><testcase classname="tests.test_iter7_hr_notif.TestEmployees" name="test_create_employee" time="0.274" /><testcase classname="tests.test_iter7_hr_notif.TestEmployees" name="test_add_sub_record[payslips-payload0]" time="0.352" /><testcase classname="tests.test_iter7_hr_notif.TestEmployees" name="test_add_sub_record[attendance-payload1]" time="0.295" /><testcase classname="tests.test_iter7_hr_notif.TestEmployees" name="test_add_sub_record[documents-payload2]" time="0.391" /><testcase classname="tests.test_iter7_hr_notif.TestEmployees" name="test_delete_employee" time="0.240" /><testcase classname="tests.test_iter7_hr_notif.TestRolePermissions" name="test_get" time="0.085" /><testcase classname="tests.test_iter7_hr_notif.TestRolePermissions" name="test_update_and_persist" time="0.574" /><testcase classname="tests.test_iter7_hr_notif.TestMyProfile" name="test_get" time="0.083" /><testcase classname="tests.test_iter7_hr_notif.TestNotifications" name="test_meta" time="0.046" /><testcase classname="tests.test_iter7_hr_notif.TestNotifications" name="test_campaigns_list" time="0.087" /><testcase classname="tests.test_iter7_hr_notif.TestNotifications" name="test_audience_preview_all" time="0.095" /><testcase classname="tests.test_iter7_hr_notif.TestNotifications" name="test_send_in_app_all" time="1.656" /><testcase classname="tests.test_iter7_hr_notif.TestNotifications" name="test_send_requires_title" time="0.048" /></testsuite></testsuites>