<?xml version="1.0" encoding="utf-8"?><testsuites name="pytest tests"><testsuite name="pytest" errors="0" failures="3" skipped="2" tests="26" time="4.464" timestamp="2026-07-15T12:35:05.753158+00:00" hostname="agent-env-73f4680b-f2bd-4690-b508-febd9b627ebb"><testcase classname="tests.test_firebase_backend.TestOtherResources" name="test_module_returns_list[reports]" time="0.588" /><testcase classname="tests.test_firebase_backend.TestWalletsAndPayments" name="test_wallets_collection_group" time="0.531" /><testcase classname="tests.test_firebase_backend.TestWalletsAndPayments" name="test_payments_topups_only" time="0.109"><failure message="assert 500 == 200&#10; +  where 500 = &lt;Response [500]&gt;.status_code">E   assert 500 == 200
     +  where 500 = &lt;Response [500]&gt;.status_code</failure></testcase><testcase classname="tests.test_firebase_backend.TestOtherResources" name="test_module_returns_list[support-tickets]" time="0.107" /><testcase classname="tests.test_firebase_backend.TestWalletsAndPayments" name="test_conversions_only" time="0.092"><failure message="assert 500 == 200&#10; +  where 500 = &lt;Response [500]&gt;.status_code">E   assert 500 == 200
     +  where 500 = &lt;Response [500]&gt;.status_code</failure></testcase><testcase classname="tests.test_firebase_backend.TestOtherResources" name="test_module_returns_list[friend-requests]" time="0.135" /><testcase classname="tests.test_firebase_backend.TestWalletsAndPayments" name="test_withdrawals_graceful_when_empty" time="0.136"><failure message="assert 500 == 200&#10; +  where 500 = &lt;Response [500]&gt;.status_code">E   assert 500 == 200
     +  where 500 = &lt;Response [500]&gt;.status_code</failure></testcase><testcase classname="tests.test_firebase_backend.TestOtherResources" name="test_empty_module_calls" time="0.100" /><testcase classname="tests.test_firebase_backend.TestDetailEndpoints" name="test_report_detail_if_available" time="0.223" /><testcase classname="tests.test_firebase_backend.TestAuthMe" name="test_auth_me_returns_super_admin_with_valid_token" time="0.053" /><testcase classname="tests.test_firebase_backend.TestAuthMe" name="test_auth_me_without_token_401" time="0.112" /><testcase classname="tests.test_firebase_backend.TestDetailEndpoints" name="test_report_detail_404" time="0.076" /><testcase classname="tests.test_firebase_backend.TestAuthMe" name="test_auth_me_garbage_token_401" time="0.075" /><testcase classname="tests.test_firebase_backend.TestDetailEndpoints" name="test_ticket_detail_if_available" time="0.081"><skipped type="pytest.skip" message="No support tickets in Firestore">/app/backend/tests/test_firebase_backend.py:306: No support tickets in Firestore</skipped></testcase><testcase classname="tests.test_firebase_backend.TestUsersListing" name="test_list_users_returns_real_data" time="0.128" /><testcase classname="tests.test_firebase_backend.TestDetailEndpoints" name="test_verification_liveness_detail_if_available" time="0.082"><skipped type="pytest.skip" message="No liveness verification requests">/app/backend/tests/test_firebase_backend.py:319: No liveness verification requests</skipped></testcase><testcase classname="tests.test_firebase_backend.TestUsersListing" name="test_users_pagination" time="0.090" /><testcase classname="tests.test_firebase_backend.TestMisc" name="test_search_short_query_empty" time="0.058" /><testcase classname="tests.test_firebase_backend.TestUsersListing" name="test_users_search" time="0.145" /><testcase classname="tests.test_firebase_backend.TestMisc" name="test_search_requires_auth" time="0.041" /><testcase classname="tests.test_firebase_backend.TestMisc" name="test_admins_list_includes_super_admin" time="0.167" /><testcase classname="tests.test_firebase_backend.TestDashboard" name="test_dashboard_returns_live_kpis" time="0.387" /><testcase classname="tests.test_firebase_backend.TestAdminActionAudit" name="test_freeze_then_unfreeze_and_audit" time="2.038" /><testcase classname="tests.test_firebase_backend.TestDashboard" name="test_dashboard_requires_auth" time="0.099" /><testcase classname="tests.test_firebase_backend.TestPendingCounts" name="test_pending_counts_shape" time="0.498" /><testcase classname="tests.test_firebase_backend.TestAdminActionAudit" name="test_action_requires_auth" time="0.044" /></testsuite></testsuites>