<?xml version="1.0" encoding="utf-8"?><testsuites name="pytest tests"><testsuite name="pytest" errors="0" failures="0" skipped="0" tests="17" time="3.479" timestamp="2026-07-13T23:49:50.071903+00:00" hostname="agent-env-73f4680b-f2bd-4690-b508-febd9b627ebb"><testcase classname="tests.test_iteration2_features.TestTicketDetail" name="test_ticket_detail_has_opening_message" time="0.871" /><testcase classname="tests.test_iteration2_features.TestRBACIteration2" name="test_analyst_cannot_reply_to_ticket" time="0.918" /><testcase classname="tests.test_iteration2_features.TestTicketDetail" name="test_ticket_detail_404" time="0.053" /><testcase classname="tests.test_iteration2_features.TestRBACIteration2" name="test_analyst_cannot_send_notification" time="0.057" /><testcase classname="tests.test_iteration2_features.TestTicketDetail" name="test_ticket_reply_user_appends_and_updates_ticket" time="0.421" /><testcase classname="tests.test_iteration2_features.TestTicketDetail" name="test_ticket_reply_internal_visibility" time="0.163" /><testcase classname="tests.test_iteration2_features.TestRBACIteration2" name="test_finance_cannot_send_notification" time="0.479" /><testcase classname="tests.test_iteration2_features.TestRBACIteration2" name="test_finance_cannot_reply_to_ticket" time="0.175" /><testcase classname="tests.test_iteration2_features.TestTicketDetail" name="test_ticket_quick_actions_resolve" time="0.110" /><testcase classname="tests.test_iteration2_features.TestReportDetail" name="test_report_detail_returns_full_shape" time="0.113" /><testcase classname="tests.test_iteration2_features.TestRBACIteration2" name="test_analyst_can_read_report_and_ticket_details" time="0.354" /><testcase classname="tests.test_iteration2_features.TestReportDetail" name="test_report_detail_404" time="0.053" /><testcase classname="tests.test_iteration2_features.TestReportDetail" name="test_report_action_records_in_audit_trail" time="0.168" /><testcase classname="tests.test_iteration2_features.TestBulkActions" name="test_bulk_resolve_reports" time="0.585" /><testcase classname="tests.test_iteration2_features.TestNotifications" name="test_send_now_creates_sent_with_count" time="0.579" /><testcase classname="tests.test_iteration2_features.TestNotifications" name="test_schedule_creates_scheduled" time="0.065" /><testcase classname="tests.test_iteration2_features.TestNotifications" name="test_draft_creates_draft" time="0.069" /></testsuite></testsuites>