<?xml version="1.0" encoding="utf-8"?><testsuites name="pytest tests"><testsuite name="pytest" errors="0" failures="0" skipped="0" tests="27" time="5.299" timestamp="2026-07-14T00:05:04.544473+00:00" hostname="agent-env-73f4680b-f2bd-4690-b508-febd9b627ebb"><testcase classname="tests.test_iteration3_features.TestVerificationActions" name="test_owner_can_approve_liveness" time="0.907" /><testcase classname="tests.test_iteration3_features.TestGlobalSearch" name="test_search_short_query_empty" time="0.895" /><testcase classname="tests.test_iteration3_features.TestGlobalSearch" name="test_search_empty_query_empty" time="0.066" /><testcase classname="tests.test_iteration3_features.TestVerificationActions" name="test_owner_can_reject_liveness_with_reason" time="0.136" /><testcase classname="tests.test_iteration3_features.TestGlobalSearch" name="test_search_rpt_returns_report_group" time="0.064" /><testcase classname="tests.test_iteration3_features.TestGlobalSearch" name="test_search_tkt_returns_ticket" time="0.068" /><testcase classname="tests.test_iteration3_features.TestVerificationActions" name="test_owner_can_escalate_liveness" time="0.137" /><testcase classname="tests.test_iteration3_features.TestGlobalSearch" name="test_search_user_by_id_prefix" time="0.143" /><testcase classname="tests.test_iteration3_features.TestGlobalSearch" name="test_search_requires_auth" time="0.333" /><testcase classname="tests.test_iteration3_features.TestGlobalSearch" name="test_search_result_route_shape" time="0.058" /><testcase classname="tests.test_iteration3_features.TestVerificationActions" name="test_analyst_cannot_action_liveness" time="0.556" /><testcase classname="tests.test_iteration3_features.TestLivenessDetail" name="test_liveness_detail_shape" time="0.170" /><testcase classname="tests.test_iteration3_features.TestLivenessDetail" name="test_liveness_detail_404" time="0.064" /><testcase classname="tests.test_iteration3_features.TestLivenessDetail" name="test_liveness_owner_can_view_documents" time="0.327" /><testcase classname="tests.test_iteration3_features.TestVerificationActions" name="test_safety_cannot_action_liveness" time="0.600" /><testcase classname="tests.test_iteration3_features.TestVerificationActions" name="test_owner_can_action_identity" time="0.364" /><testcase classname="tests.test_iteration3_features.TestLivenessDetail" name="test_liveness_analyst_cannot_view_documents" time="0.605" /><testcase classname="tests.test_iteration3_features.TestVerificationActions" name="test_analyst_cannot_action_identity" time="0.170" /><testcase classname="tests.test_iteration3_features.TestRegression" name="test_dashboard" time="0.078" /><testcase classname="tests.test_iteration3_features.TestRegression" name="test_analytics" time="0.372" /><testcase classname="tests.test_iteration3_features.TestLivenessDetail" name="test_liveness_safety_cannot_view_liveness_docs" time="0.652" /><testcase classname="tests.test_iteration3_features.TestRegression" name="test_me" time="0.063" /><testcase classname="tests.test_iteration3_features.TestRegression" name="test_list_resources_smoke" time="1.043" /><testcase classname="tests.test_iteration3_features.TestIdentityDetail" name="test_identity_detail_shape" time="0.180" /><testcase classname="tests.test_iteration3_features.TestIdentityDetail" name="test_identity_detail_404" time="0.062" /><testcase classname="tests.test_iteration3_features.TestIdentityDetail" name="test_identity_analyst_restricted" time="0.123" /><testcase classname="tests.test_iteration3_features.TestIdentityDetail" name="test_unknown_kind_404" time="0.068" /></testsuite></testsuites>