<?xml version="1.0" encoding="utf-8"?><testsuites name="pytest tests"><testsuite name="pytest" errors="0" failures="1" skipped="0" tests="47" time="15.971" timestamp="2026-07-13T23:19:12.346455+00:00" hostname="agent-env-73f4680b-f2bd-4690-b508-febd9b627ebb"><testcase classname="tests.backend_test.TestAuth" name="test_login_success_owner" time="0.626" /><testcase classname="tests.backend_test.TestResources" name="test_list_module[reports]" time="0.686" /><testcase classname="tests.backend_test.TestAuth" name="test_login_invalid_credentials" time="0.365" /><testcase classname="tests.backend_test.TestResources" name="test_list_module[moderation]" time="0.652" /><testcase classname="tests.backend_test.TestAuth" name="test_login_rate_limit_after_5_failures" time="1.246"><failure message="AssertionError: Expected 429 lockout in codes [401, 401, 401, 401, 401, 401]&#10;assert 429 in [401, 401, 401, 401, 401, 401]">E   AssertionError: Expected 429 lockout in codes [401, 401, 401, 401, 401, 401]
    assert 429 in [401, 401, 401, 401, 401, 401]</failure></testcase><testcase classname="tests.backend_test.TestResources" name="test_list_module[liveness]" time="0.412" /><testcase classname="tests.backend_test.TestResources" name="test_list_module[identity]" time="0.416" /><testcase classname="tests.backend_test.TestResources" name="test_list_module[subscriptions]" time="0.426" /><testcase classname="tests.backend_test.TestAuth" name="test_forgot_password_returns_ok" time="0.293" /><testcase classname="tests.backend_test.TestAuth" name="test_me_unauthenticated_returns_401" time="0.132" /><testcase classname="tests.backend_test.TestResources" name="test_list_module[payments]" time="0.670" /><testcase classname="tests.backend_test.TestAuth" name="test_me_authenticated_returns_admin" time="0.595" /><testcase classname="tests.backend_test.TestAuth" name="test_logout_clears_cookies" time="0.692" /><testcase classname="tests.backend_test.TestResources" name="test_list_module[wallets]" time="0.693" /><testcase classname="tests.backend_test.TestUsers" name="test_list_users_total_250" time="0.647" /><testcase classname="tests.backend_test.TestResources" name="test_list_module[conversions]" time="0.647" /><testcase classname="tests.backend_test.TestUsers" name="test_users_search" time="0.651" /><testcase classname="tests.backend_test.TestResources" name="test_list_module[withdrawals]" time="0.643" /><testcase classname="tests.backend_test.TestResources" name="test_list_module[calls]" time="0.655" /><testcase classname="tests.backend_test.TestUsers" name="test_users_filter_country" time="0.647" /><testcase classname="tests.backend_test.TestUsers" name="test_users_filter_online_true" time="0.651" /><testcase classname="tests.backend_test.TestResources" name="test_list_module[tasks]" time="0.649" /><testcase classname="tests.backend_test.TestUsers" name="test_user_detail_and_related" time="0.780" /><testcase classname="tests.backend_test.TestResources" name="test_list_module[advertisements]" time="0.648" /><testcase classname="tests.backend_test.TestResources" name="test_list_module[friend-requests]" time="0.698" /><testcase classname="tests.backend_test.TestUsers" name="test_user_action_freeze_writes_audit" time="0.945" /><testcase classname="tests.backend_test.TestResources" name="test_list_module[chats]" time="0.483" /><testcase classname="tests.backend_test.TestUsers" name="test_user_note_added" time="0.800" /><testcase classname="tests.backend_test.TestResources" name="test_list_module[notifications]" time="0.562" /><testcase classname="tests.backend_test.TestResources" name="test_list_module[audit-logs]" time="0.730" /><testcase classname="tests.backend_test.TestRBAC" name="test_analyst_cannot_write_users" time="0.672" /><testcase classname="tests.backend_test.TestResources" name="test_list_module[support-tickets]" time="0.661" /><testcase classname="tests.backend_test.TestRBAC" name="test_analyst_cannot_action_reports" time="0.649" /><testcase classname="tests.backend_test.TestResources" name="test_report_action_approve" time="0.741" /><testcase classname="tests.backend_test.TestRBAC" name="test_finance_cannot_action_reports" time="0.712" /><testcase classname="tests.backend_test.TestResources" name="test_unknown_module_404" time="0.651" /><testcase classname="tests.backend_test.TestRBAC" name="test_finance_can_action_withdrawals" time="0.693" /><testcase classname="tests.backend_test.TestAnalytics" name="test_analytics_default" time="0.674" /><testcase classname="tests.backend_test.TestRBAC" name="test_analyst_cannot_update_settings" time="0.589" /><testcase classname="tests.backend_test.TestSettings" name="test_get_settings" time="0.634" /><testcase classname="tests.backend_test.TestAnalytics" name="test_analytics_range_7" time="0.672" /><testcase classname="tests.backend_test.TestSettings" name="test_owner_can_update_settings" time="0.691" /><testcase classname="tests.backend_test.TestAdmins" name="test_list_admins" time="0.584" /><testcase classname="tests.backend_test.TestAdmins" name="test_owner_creates_admin_and_actions" time="0.927" /><testcase classname="tests.backend_test.TestCountries" name="test_list_countries" time="0.814" /><testcase classname="tests.backend_test.TestCountries" name="test_owner_updates_country_pricing" time="0.713" /><testcase classname="tests.backend_test.TestDashboard" name="test_dashboard_kpis" time="0.611" /></testsuite></testsuites>